<?xml version="1.0" encoding="UTF-8"?>
<coverage generated="1614182524">
  <project timestamp="1614182524">
    <package name="App\Controller">
      <file name="/application/src/Controller/ArticleController.php">
        <class name="App\Controller\ArticleController" namespace="App\Controller">
          <metrics complexity="14" methods="1" coveredmethods="0" conditionals="0" coveredconditionals="0" statements="3" coveredstatements="0" elements="4" coveredelements="0"/>
        </class>
        <line num="154" type="method" name="save" visibility="public" complexity="1" crap="2" count="0"/>
        <line num="156" type="stmt" count="0"/>
        <line num="157" type="stmt" count="0"/>
        <line num="158" type="stmt" count="0"/>
        <metrics loc="177" ncloc="120" classes="1" methods="1" coveredmethods="0" conditionals="0" coveredconditionals="0" statements="3" coveredstatements="0" elements="4" coveredelements="0"/>
      </file>
    </package>
    <package name="App\DataFixtures">
      <file name="/application/src/DataFixtures/AppFixtures.php">
        <class name="App\DataFixtures\AppFixtures" namespace="App\DataFixtures">
          <metrics complexity="3" methods="1" coveredmethods="1" conditionals="0" coveredconditionals="0" statements="16" coveredstatements="16" elements="17" coveredelements="17"/>
        </class>
        <line num="15" type="method" name="load" visibility="public" complexity="3" crap="3" count="1"/>
        <line num="17" type="stmt" count="1"/>
        <line num="18" type="stmt" count="1"/>
        <line num="20" type="stmt" count="1"/>
        <line num="21" type="stmt" count="1"/>
        <line num="22" type="stmt" count="1"/>
        <line num="23" type="stmt" count="1"/>
        <line num="25" type="stmt" count="1"/>
        <line num="26" type="stmt" count="1"/>
        <line num="27" type="stmt" count="1"/>
        <line num="28" type="stmt" count="1"/>
        <line num="29" type="stmt" count="1"/>
        <line num="30" type="stmt" count="1"/>
        <line num="31" type="stmt" count="1"/>
        <line num="33" type="stmt" count="1"/>
        <line num="37" type="stmt" count="1"/>
        <line num="38" type="stmt" count="1"/>
        <metrics loc="39" ncloc="39" classes="1" methods="1" coveredmethods="1" conditionals="0" coveredconditionals="0" statements="16" coveredstatements="16" elements="17" coveredelements="17"/>
      </file>
    </package>
    <package name="App\Entity">
      <file name="/application/src/Entity/Article.php">
        <class name="App\Entity\Article" namespace="App\Entity">
          <metrics complexity="12" methods="8" coveredmethods="8" conditionals="0" coveredconditionals="0" statements="12" coveredstatements="12" elements="20" coveredelements="20"/>
        </class>
        <line num="48" type="method" name="getName" visibility="public" complexity="2" crap="2" count="4"/>
        <line num="50" type="stmt" count="4"/>
        <line num="53" type="method" name="setName" visibility="public" complexity="1" crap="1" count="5"/>
        <line num="55" type="stmt" count="5"/>
        <line num="57" type="stmt" count="5"/>
        <line num="60" type="method" name="getContent" visibility="public" complexity="2" crap="2" count="4"/>
        <line num="62" type="stmt" count="4"/>
        <line num="65" type="method" name="setContent" visibility="public" complexity="1" crap="1" count="5"/>
        <line num="67" type="stmt" count="5"/>
        <line num="69" type="stmt" count="5"/>
        <line num="72" type="method" name="getAuthor" visibility="public" complexity="2" crap="2" count="4"/>
        <line num="74" type="stmt" count="4"/>
        <line num="77" type="method" name="setAuthor" visibility="public" complexity="1" crap="1" count="5"/>
        <line num="79" type="stmt" count="5"/>
        <line num="81" type="stmt" count="5"/>
        <line num="84" type="method" name="getCategory" visibility="public" complexity="2" crap="2" count="5"/>
        <line num="86" type="stmt" count="5"/>
        <line num="93" type="method" name="setCategory" visibility="public" complexity="1" crap="1" count="6"/>
        <line num="95" type="stmt" count="6"/>
        <line num="97" type="stmt" count="6"/>
        <metrics loc="99" ncloc="76" classes="1" methods="8" coveredmethods="8" conditionals="0" coveredconditionals="0" statements="12" coveredstatements="12" elements="20" coveredelements="20"/>
      </file>
      <file name="/application/src/Entity/BaseEntity.php">
        <class name="App\Entity\BaseEntity" namespace="App\Entity">
          <metrics complexity="9" methods="5" coveredmethods="5" conditionals="0" coveredconditionals="0" statements="8" coveredstatements="8" elements="13" coveredelements="13"/>
        </class>
        <line num="26" type="method" name="__construct" visibility="public" complexity="1" crap="1" count="6"/>
        <line num="28" type="stmt" count="6"/>
        <line num="29" type="stmt" count="6"/>
        <line num="31" type="method" name="getCreatedAt" visibility="public" complexity="2" crap="2" count="4"/>
        <line num="33" type="stmt" count="4"/>
        <line num="39" type="method" name="setCreatedAt" visibility="public" complexity="1" crap="1" count="5"/>
        <line num="41" type="stmt" count="5"/>
        <line num="43" type="stmt" count="5"/>
        <line num="46" type="method" name="getUpdatedAt" visibility="public" complexity="2" crap="2" count="4"/>
        <line num="48" type="stmt" count="4"/>
        <line num="54" type="method" name="setUpdatedAt" visibility="public" complexity="1" crap="1" count="5"/>
        <line num="56" type="stmt" count="5"/>
        <line num="58" type="stmt" count="5"/>
        <metrics loc="74" ncloc="59" classes="1" methods="5" coveredmethods="5" conditionals="0" coveredconditionals="0" statements="8" coveredstatements="8" elements="13" coveredelements="13"/>
      </file>
      <file name="/application/src/Entity/Category.php">
        <class name="App\Entity\Category" namespace="App\Entity">
          <metrics complexity="10" methods="6" coveredmethods="6" conditionals="0" coveredconditionals="0" statements="14" coveredstatements="14" elements="20" coveredelements="20"/>
        </class>
        <line num="29" type="method" name="__construct" visibility="public" complexity="1" crap="1" count="9"/>
        <line num="31" type="stmt" count="9"/>
        <line num="32" type="stmt" count="9"/>
        <line num="34" type="method" name="getName" visibility="public" complexity="2" crap="2" count="6"/>
        <line num="36" type="stmt" count="6"/>
        <line num="39" type="method" name="setName" visibility="public" complexity="1" crap="1" count="9"/>
        <line num="41" type="stmt" count="9"/>
        <line num="43" type="stmt" count="9"/>
        <line num="49" type="method" name="getArticle" visibility="public" complexity="1" crap="1" count="1"/>
        <line num="51" type="stmt" count="1"/>
        <line num="54" type="method" name="addArticle" visibility="public" complexity="2" crap="2" count="1"/>
        <line num="56" type="stmt" count="1"/>
        <line num="57" type="stmt" count="1"/>
        <line num="58" type="stmt" count="1"/>
        <line num="61" type="stmt" count="1"/>
        <line num="64" type="method" name="removeArticle" visibility="public" complexity="3" crap="3" count="1"/>
        <line num="66" type="stmt" count="1"/>
        <line num="68" type="stmt" count="1"/>
        <line num="69" type="stmt" count="1"/>
        <line num="73" type="stmt" count="1"/>
        <metrics loc="75" ncloc="66" classes="1" methods="6" coveredmethods="6" conditionals="0" coveredconditionals="0" statements="14" coveredstatements="14" elements="20" coveredelements="20"/>
      </file>
      <file name="/application/src/Entity/ResourceIdTrait.php">
        <class name="ResourceIdTrait" namespace="App\Entity">
          <metrics complexity="2" methods="1" coveredmethods="1" conditionals="0" coveredconditionals="0" statements="1" coveredstatements="1" elements="2" coveredelements="2"/>
        </class>
        <line num="18" type="method" name="getId" visibility="public" complexity="2" crap="2" count="1"/>
        <line num="20" type="stmt" count="1"/>
        <metrics loc="22" ncloc="18" classes="1" methods="1" coveredmethods="1" conditionals="0" coveredconditionals="0" statements="1" coveredstatements="1" elements="2" coveredelements="2"/>
      </file>
    </package>
    <package name="App\EventSubscriber">
      <file name="/application/src/EventSubscriber/MailSubscriber.php">
        <class name="App\EventSubscriber\MailSubscriber" namespace="App\EventSubscriber" fullPackage="App" package="App">
          <metrics complexity="10" methods="0" coveredmethods="0" conditionals="0" coveredconditionals="0" statements="0" coveredstatements="0" elements="0" coveredelements="0"/>
        </class>
        <metrics loc="124" ncloc="96" classes="0" methods="0" coveredmethods="0" conditionals="0" coveredconditionals="0" statements="0" coveredstatements="0" elements="0" coveredelements="0"/>
      </file>
    </package>
    <package name="App\Form">
      <file name="/application/src/Form/ArticleFormType.php">
        <class name="App\Form\ArticleFormType" namespace="App\Form">
          <metrics complexity="2" methods="2" coveredmethods="0" conditionals="0" coveredconditionals="0" statements="9" coveredstatements="0" elements="11" coveredelements="0"/>
        </class>
        <line num="16" type="method" name="buildForm" visibility="public" complexity="1" crap="2" count="0"/>
        <line num="19" type="stmt" count="0"/>
        <line num="20" type="stmt" count="0"/>
        <line num="21" type="stmt" count="0"/>
        <line num="22" type="stmt" count="0"/>
        <line num="23" type="stmt" count="0"/>
        <line num="27" type="stmt" count="0"/>
        <line num="29" type="method" name="configureOptions" visibility="public" complexity="1" crap="2" count="0"/>
        <line num="31" type="stmt" count="0"/>
        <line num="32" type="stmt" count="0"/>
        <line num="34" type="stmt" count="0"/>
        <metrics loc="35" ncloc="35" classes="1" methods="2" coveredmethods="0" conditionals="0" coveredconditionals="0" statements="9" coveredstatements="0" elements="11" coveredelements="0"/>
      </file>
      <file name="/application/src/Form/CategoryFormType.php">
        <class name="App\Form\CategoryFormType" namespace="App\Form">
          <metrics complexity="2" methods="2" coveredmethods="0" conditionals="0" coveredconditionals="0" statements="5" coveredstatements="0" elements="7" coveredelements="0"/>
        </class>
        <line num="12" type="method" name="buildForm" visibility="public" complexity="1" crap="2" count="0"/>
        <line num="15" type="stmt" count="0"/>
        <line num="17" type="stmt" count="0"/>
        <line num="19" type="method" name="configureOptions" visibility="public" complexity="1" crap="2" count="0"/>
        <line num="21" type="stmt" count="0"/>
        <line num="22" type="stmt" count="0"/>
        <line num="24" type="stmt" count="0"/>
        <metrics loc="25" ncloc="25" classes="1" methods="2" coveredmethods="0" conditionals="0" coveredconditionals="0" statements="5" coveredstatements="0" elements="7" coveredelements="0"/>
      </file>
    </package>
    <package name="App">
      <file name="/application/src/Kernel.php">
        <class name="App\Kernel" namespace="App">
          <metrics complexity="6" methods="2" coveredmethods="0" conditionals="0" coveredconditionals="0" statements="17" coveredstatements="0" elements="19" coveredelements="0"/>
        </class>
        <line num="15" type="method" name="configureContainer" visibility="protected" complexity="3" crap="12" count="0"/>
        <line num="17" type="stmt" count="0"/>
        <line num="18" type="stmt" count="0"/>
        <line num="19" type="stmt" count="0"/>
        <line num="21" type="stmt" count="0"/>
        <line num="22" type="stmt" count="0"/>
        <line num="23" type="stmt" count="0"/>
        <line num="24" type="stmt" count="0"/>
        <line num="25" type="stmt" count="0"/>
        <line num="27" type="stmt" count="0"/>
        <line num="29" type="method" name="configureRoutes" visibility="protected" complexity="3" crap="12" count="0"/>
        <line num="31" type="stmt" count="0"/>
        <line num="32" type="stmt" count="0"/>
        <line num="33" type="stmt" count="0"/>
        <line num="35" type="stmt" count="0"/>
        <line num="36" type="stmt" count="0"/>
        <line num="37" type="stmt" count="0"/>
        <line num="38" type="stmt" count="0"/>
        <line num="40" type="stmt" count="0"/>
        <metrics loc="41" ncloc="41" classes="1" methods="2" coveredmethods="0" conditionals="0" coveredconditionals="0" statements="17" coveredstatements="0" elements="19" coveredelements="0"/>
      </file>
    </package>
    <package name="App\Repository">
      <file name="/application/src/Repository/ArticleRepository.php">
        <class name="App\Repository\ArticleRepository" namespace="App\Repository">
          <metrics complexity="1" methods="1" coveredmethods="0" conditionals="0" coveredconditionals="0" statements="2" coveredstatements="0" elements="3" coveredelements="0"/>
        </class>
        <line num="17" type="method" name="__construct" visibility="public" complexity="1" crap="2" count="0"/>
        <line num="19" type="stmt" count="0"/>
        <line num="20" type="stmt" count="0"/>
        <metrics loc="21" ncloc="16" classes="1" methods="1" coveredmethods="0" conditionals="0" coveredconditionals="0" statements="2" coveredstatements="0" elements="3" coveredelements="0"/>
      </file>
      <file name="/application/src/Repository/CategoryRepository.php">
        <class name="App\Repository\CategoryRepository" namespace="App\Repository">
          <metrics complexity="1" methods="1" coveredmethods="0" conditionals="0" coveredconditionals="0" statements="2" coveredstatements="0" elements="3" coveredelements="0"/>
        </class>
        <line num="17" type="method" name="__construct" visibility="public" complexity="1" crap="2" count="0"/>
        <line num="19" type="stmt" count="0"/>
        <line num="20" type="stmt" count="0"/>
        <metrics loc="21" ncloc="16" classes="1" methods="1" coveredmethods="0" conditionals="0" coveredconditionals="0" statements="2" coveredstatements="0" elements="3" coveredelements="0"/>
      </file>
    </package>
    <package name="App\Service">
      <file name="/application/src/Service/ArticleService.php">
        <class name="App\Service\ArticleService" namespace="App\Service">
          <metrics complexity="3" methods="3" coveredmethods="0" conditionals="0" coveredconditionals="0" statements="4" coveredstatements="0" elements="7" coveredelements="0"/>
        </class>
        <line num="11" type="method" name="__construct" visibility="public" complexity="1" crap="2" count="0"/>
        <line num="13" type="stmt" count="0"/>
        <line num="14" type="stmt" count="0"/>
        <line num="16" type="method" name="getAll" visibility="public" complexity="1" crap="2" count="0"/>
        <line num="18" type="stmt" count="0"/>
        <line num="21" type="method" name="getCount" visibility="public" complexity="1" crap="2" count="0"/>
        <line num="23" type="stmt" count="0"/>
        <metrics loc="25" ncloc="25" classes="1" methods="3" coveredmethods="0" conditionals="0" coveredconditionals="0" statements="4" coveredstatements="0" elements="7" coveredelements="0"/>
      </file>
      <file name="/application/src/Service/GetCurrentDateService.php">
        <class name="App\Service\GetCurrentDateService" namespace="App\Service">
          <metrics complexity="2" methods="2" coveredmethods="0" conditionals="0" coveredconditionals="0" statements="3" coveredstatements="0" elements="5" coveredelements="0"/>
        </class>
        <line num="9" type="method" name="getCurrentDate" visibility="public" complexity="1" crap="2" count="0"/>
        <line num="11" type="stmt" count="0"/>
        <line num="12" type="stmt" count="0"/>
        <line num="15" type="method" name="__toString" visibility="public" complexity="1" crap="2" count="0"/>
        <line num="17" type="stmt" count="0"/>
        <metrics loc="19" ncloc="19" classes="1" methods="2" coveredmethods="0" conditionals="0" coveredconditionals="0" statements="3" coveredstatements="0" elements="5" coveredelements="0"/>
      </file>
      <file name="/application/src/Service/GetNbrArticleService.php">
        <class name="App\Service\GetNbrArticleService" namespace="App\Service">
          <metrics complexity="2" methods="2" coveredmethods="0" conditionals="0" coveredconditionals="0" statements="3" coveredstatements="0" elements="5" coveredelements="0"/>
        </class>
        <line num="11" type="method" name="__construct" visibility="public" complexity="1" crap="2" count="0"/>
        <line num="13" type="stmt" count="0"/>
        <line num="14" type="stmt" count="0"/>
        <line num="16" type="method" name="getAll" visibility="public" complexity="1" crap="2" count="0"/>
        <line num="18" type="stmt" count="0"/>
        <metrics loc="20" ncloc="20" classes="1" methods="2" coveredmethods="0" conditionals="0" coveredconditionals="0" statements="3" coveredstatements="0" elements="5" coveredelements="0"/>
      </file>
      <file name="/application/src/Service/PaginatorService.php">
        <class name="App\Service\PaginatorService" namespace="App\Service">
          <metrics complexity="2" methods="0" coveredmethods="0" conditionals="0" coveredconditionals="0" statements="0" coveredstatements="0" elements="0" coveredelements="0"/>
        </class>
        <metrics loc="42" ncloc="33" classes="0" methods="0" coveredmethods="0" conditionals="0" coveredconditionals="0" statements="0" coveredstatements="0" elements="0" coveredelements="0"/>
      </file>
    </package>
    <file name="/application/src/Service/ServiceInterface.php">
      <metrics loc="15" ncloc="13" classes="0" methods="0" coveredmethods="0" conditionals="0" coveredconditionals="0" statements="0" coveredstatements="0" elements="0" coveredelements="0"/>
    </file>
    <metrics files="17" loc="874" ncloc="717" classes="14" methods="37" coveredmethods="21" conditionals="0" coveredconditionals="0" statements="99" coveredstatements="51" elements="136" coveredelements="72"/>
  </project>
</coverage>
